Exception at PC 0x000007FEB58EBB93
Printing stacktrace...

[0]  [0x000007FEB58EBB93]
[1]  [0x000007FEB58EBB93]
[2]  [0x000007FEB58EB4A1]
[3]  [0x000007FEB58EB3EF]
[4]  [0x000007FEB58D19FE]
[5]  [0x000007FEB58D0ED1]
[6]  [0x000007FEB58D0D76]
[7]  [0x000007FEB58779F6]
[8]  [0x000007FEB5867AFB]
[9]  [0x000007FEB598E90A]
[10]  [0x000007FEB59A9F87]
[11]  [0x000007FEB59AA05F]
[12] (BaseThreadInitThunk+0xd) [0x0000000076FA59CD]
[13] (RtlUserThreadStart+0x21) [0x00000000771DA561]
Done
Exception at PC 0x000007FEB55F1A52
Attemped to write at address 0x000007FEE33AABA4
Printing stacktrace...

[0]  [0x000007FEB55F1A52]
[1]  [0x000007FEB55F1A52]
[2]  [0x000007FEB55F1AD4]
[3]  [0x000007FEB5733FF7]
[4]  [0x000007FEB5619128]
[5]  [0x000007FEB58CDFB9]
[6]  [0x000007FEB5A9EF23]
[7]  [0x000007FEB59AB06B]
[8]  [0x000007FEB59A08AF]
[9]  [0x000007FEB59A0A32]
[10] (LdrShutdownProcess+0x1d1) [0x00000000771D2AC1]
[11] (RtlExitUserProcess+0x90) [0x00000000771D28D0]
[12] (wcstoui64+0x2fa) [0x000007FEFE6999F2]
[13]  [0x00000000004014CD]
[14]  [0x000000000040151B]
[15] (BaseThreadInitThunk+0xd) [0x0000000076FA59CD]
[16] (RtlUserThreadStart+0x21) [0x00000000771DA561]
Done
