
*** Running vivado
    with args -log mmult.vds -m64 -product Vivado -mode batch -messageDb vivado.pb -notrace -source mmult.tcl


****** Vivado v2017.2.1 (64-bit)
  **** SW Build 1957588 on Wed Aug  9 16:32:24 MDT 2017
  **** IP Build 1948039 on Wed Aug  9 18:19:28 MDT 2017
    ** Copyright 1986-2017 Xilinx, Inc. All Rights Reserved.

source mmult.tcl -notrace
Command: synth_design -top mmult -part xc7a35ticsg324-1L
Starting synth_design
Attempting to get a license for feature 'Synthesis' and/or device 'xc7a35ti-csg324'
INFO: [Common 17-349] Got license for feature 'Synthesis' and/or device 'xc7a35ti-csg324'
INFO: Launching helper process for spawning children vivado processes
INFO: Helper process launched with PID 5996 
---------------------------------------------------------------------------------
Starting Synthesize : Time (s): cpu = 00:00:02 ; elapsed = 00:00:03 . Memory (MB): peak = 343.199 ; gain = 81.461
---------------------------------------------------------------------------------
INFO: [Synth 8-638] synthesizing module 'mmult' [D:/xilinx/vivado/arty/2017/lab2/lab2.srcs/sources_1/new/mmult.v:23]
INFO: [Synth 8-155] case statement is not full and has no default [D:/xilinx/vivado/arty/2017/lab2/lab2.srcs/sources_1/new/mmult.v:51]
INFO: [Synth 8-256] done synthesizing module 'mmult' (1#1) [D:/xilinx/vivado/arty/2017/lab2/lab2.srcs/sources_1/new/mmult.v:23]
---------------------------------------------------------------------------------
Finished Synthesize : Time (s): cpu = 00:00:03 ; elapsed = 00:00:04 . Memory (MB): peak = 382.961 ; gain = 121.223
---------------------------------------------------------------------------------
---------------------------------------------------------------------------------
Finished Constraint Validation : Time (s): cpu = 00:00:03 ; elapsed = 00:00:04 . Memory (MB): peak = 382.961 ; gain = 121.223
---------------------------------------------------------------------------------
---------------------------------------------------------------------------------
Start Loading Part and Timing Information
---------------------------------------------------------------------------------
Loading part: xc7a35ticsg324-1L
---------------------------------------------------------------------------------
Finished Loading Part and Timing Information : Time (s): cpu = 00:00:03 ; elapsed = 00:00:04 . Memory (MB): peak = 382.961 ; gain = 121.223
---------------------------------------------------------------------------------
INFO: [Device 21-403] Loading part xc7a35ticsg324-1L
INFO: [Synth 8-5546] ROM "C_mat" won't be mapped to RAM because it is too sparse
INFO: [Synth 8-5546] ROM "A" won't be mapped to RAM because it is too sparse
WARNING: [Synth 8-6014] Unused sequential element  was removed.  [D:/xilinx/vivado/arty/2017/lab2/lab2.srcs/sources_1/new/mmult.v:71]
WARNING: [Synth 8-6014] Unused sequential element  was removed.  [D:/xilinx/vivado/arty/2017/lab2/lab2.srcs/sources_1/new/mmult.v:71]
WARNING: [Synth 8-6014] Unused sequential element  was removed.  [D:/xilinx/vivado/arty/2017/lab2/lab2.srcs/sources_1/new/mmult.v:71]
WARNING: [Synth 8-6014] Unused sequential element  was removed.  [D:/xilinx/vivado/arty/2017/lab2/lab2.srcs/sources_1/new/mmult.v:71]
WARNING: [Synth 8-6014] Unused sequential element  was removed.  [D:/xilinx/vivado/arty/2017/lab2/lab2.srcs/sources_1/new/mmult.v:71]
WARNING: [Synth 8-6014] Unused sequential element  was removed.  [D:/xilinx/vivado/arty/2017/lab2/lab2.srcs/sources_1/new/mmult.v:72]
WARNING: [Synth 8-6014] Unused sequential element  was removed.  [D:/xilinx/vivado/arty/2017/lab2/lab2.srcs/sources_1/new/mmult.v:72]
WARNING: [Synth 8-6014] Unused sequential element  was removed.  [D:/xilinx/vivado/arty/2017/lab2/lab2.srcs/sources_1/new/mmult.v:72]
WARNING: [Synth 8-6014] Unused sequential element  was removed.  [D:/xilinx/vivado/arty/2017/lab2/lab2.srcs/sources_1/new/mmult.v:72]
WARNING: [Synth 8-6014] Unused sequential element  was removed.  [D:/xilinx/vivado/arty/2017/lab2/lab2.srcs/sources_1/new/mmult.v:72]
WARNING: [Synth 8-6014] Unused sequential element  was removed.  [D:/xilinx/vivado/arty/2017/lab2/lab2.srcs/sources_1/new/mmult.v:73]
WARNING: [Synth 8-6014] Unused sequential element  was removed.  [D:/xilinx/vivado/arty/2017/lab2/lab2.srcs/sources_1/new/mmult.v:73]
WARNING: [Synth 8-6014] Unused sequential element  was removed. 
WARNING: [Synth 8-6014] Unused sequential element  was removed.  [D:/xilinx/vivado/arty/2017/lab2/lab2.srcs/sources_1/new/mmult.v:73]
WARNING: [Synth 8-6014] Unused sequential element  was removed.  [D:/xilinx/vivado/arty/2017/lab2/lab2.srcs/sources_1/new/mmult.v:66]
WARNING: [Synth 8-6014] Unused sequential element  was removed.  [D:/xilinx/vivado/arty/2017/lab2/lab2.srcs/sources_1/new/mmult.v:66]
WARNING: [Synth 8-6014] Unused sequential element  was removed.  [D:/xilinx/vivado/arty/2017/lab2/lab2.srcs/sources_1/new/mmult.v:66]
WARNING: [Synth 8-6014] Unused sequential element  was removed. 
WARNING: [Synth 8-6014] Unused sequential element  was removed.  [D:/xilinx/vivado/arty/2017/lab2/lab2.srcs/sources_1/new/mmult.v:66]
WARNING: [Synth 8-6014] Unused sequential element  was removed.  [D:/xilinx/vivado/arty/2017/lab2/lab2.srcs/sources_1/new/mmult.v:66]
WARNING: [Synth 8-6014] Unused sequential element  was removed.  [D:/xilinx/vivado/arty/2017/lab2/lab2.srcs/sources_1/new/mmult.v:67]
WARNING: [Synth 8-6014] Unused sequential element  was removed.  [D:/xilinx/vivado/arty/2017/lab2/lab2.srcs/sources_1/new/mmult.v:67]
WARNING: [Synth 8-6014] Unused sequential element  was removed.  [D:/xilinx/vivado/arty/2017/lab2/lab2.srcs/sources_1/new/mmult.v:67]
WARNING: [Synth 8-6014] Unused sequential element  was removed. 
WARNING: [Synth 8-6014] Unused sequential element  was removed.  [D:/xilinx/vivado/arty/2017/lab2/lab2.srcs/sources_1/new/mmult.v:67]
WARNING: [Synth 8-6014] Unused sequential element  was removed.  [D:/xilinx/vivado/arty/2017/lab2/lab2.srcs/sources_1/new/mmult.v:67]
WARNING: [Synth 8-6014] Unused sequential element  was removed.  [D:/xilinx/vivado/arty/2017/lab2/lab2.srcs/sources_1/new/mmult.v:68]
WARNING: [Synth 8-6014] Unused sequential element  was removed.  [D:/xilinx/vivado/arty/2017/lab2/lab2.srcs/sources_1/new/mmult.v:68]
WARNING: [Synth 8-6014] Unused sequential element  was removed. 
WARNING: [Synth 8-6014] Unused sequential element  was removed. 
WARNING: [Synth 8-6014] Unused sequential element  was removed.  [D:/xilinx/vivado/arty/2017/lab2/lab2.srcs/sources_1/new/mmult.v:68]
WARNING: [Synth 8-6014] Unused sequential element  was removed.  [D:/xilinx/vivado/arty/2017/lab2/lab2.srcs/sources_1/new/mmult.v:61]
WARNING: [Synth 8-6014] Unused sequential element  was removed.  [D:/xilinx/vivado/arty/2017/lab2/lab2.srcs/sources_1/new/mmult.v:61]
WARNING: [Synth 8-6014] Unused sequential element  was removed.  [D:/xilinx/vivado/arty/2017/lab2/lab2.srcs/sources_1/new/mmult.v:61]
WARNING: [Synth 8-6014] Unused sequential element  was removed.  [D:/xilinx/vivado/arty/2017/lab2/lab2.srcs/sources_1/new/mmult.v:61]
WARNING: [Synth 8-6014] Unused sequential element  was removed.  [D:/xilinx/vivado/arty/2017/lab2/lab2.srcs/sources_1/new/mmult.v:61]
WARNING: [Synth 8-6014] Unused sequential element  was removed.  [D:/xilinx/vivado/arty/2017/lab2/lab2.srcs/sources_1/new/mmult.v:61]
WARNING: [Synth 8-6014] Unused sequential element  was removed.  [D:/xilinx/vivado/arty/2017/lab2/lab2.srcs/sources_1/new/mmult.v:62]
WARNING: [Synth 8-6014] Unused sequential element  was removed.  [D:/xilinx/vivado/arty/2017/lab2/lab2.srcs/sources_1/new/mmult.v:62]
WARNING: [Synth 8-6014] Unused sequential element  was removed.  [D:/xilinx/vivado/arty/2017/lab2/lab2.srcs/sources_1/new/mmult.v:62]
WARNING: [Synth 8-6014] Unused sequential element  was removed.  [D:/xilinx/vivado/arty/2017/lab2/lab2.srcs/sources_1/new/mmult.v:62]
WARNING: [Synth 8-6014] Unused sequential element  was removed.  [D:/xilinx/vivado/arty/2017/lab2/lab2.srcs/sources_1/new/mmult.v:62]
WARNING: [Synth 8-6014] Unused sequential element  was removed.  [D:/xilinx/vivado/arty/2017/lab2/lab2.srcs/sources_1/new/mmult.v:62]
WARNING: [Synth 8-6014] Unused sequential element  was removed.  [D:/xilinx/vivado/arty/2017/lab2/lab2.srcs/sources_1/new/mmult.v:63]
WARNING: [Synth 8-6014] Unused sequential element  was removed.  [D:/xilinx/vivado/arty/2017/lab2/lab2.srcs/sources_1/new/mmult.v:63]
WARNING: [Synth 8-6014] Unused sequential element  was removed. 
WARNING: [Synth 8-6014] Unused sequential element  was removed.  [D:/xilinx/vivado/arty/2017/lab2/lab2.srcs/sources_1/new/mmult.v:63]
WARNING: [Synth 8-6014] Unused sequential element A_reg was removed.  [D:/xilinx/vivado/arty/2017/lab2/lab2.srcs/sources_1/new/mmult.v:53]
WARNING: [Synth 8-6014] Unused sequential element B_reg was removed.  [D:/xilinx/vivado/arty/2017/lab2/lab2.srcs/sources_1/new/mmult.v:56]
WARNING: [Synth 8-6014] Unused sequential element  was removed.  [D:/xilinx/vivado/arty/2017/lab2/lab2.srcs/sources_1/new/mmult.v:53]
WARNING: [Synth 8-6014] Unused sequential element counter_reg was removed.  [D:/xilinx/vivado/arty/2017/lab2/lab2.srcs/sources_1/new/mmult.v:39]
---------------------------------------------------------------------------------
Finished RTL Optimization Phase 2 : Time (s): cpu = 00:00:04 ; elapsed = 00:00:04 . Memory (MB): peak = 399.148 ; gain = 137.410
---------------------------------------------------------------------------------

Report RTL Partitions: 
+-+--------------+------------+----------+
| |RTL Partition |Replication |Instances |
+-+--------------+------------+----------+
+-+--------------+------------+----------+
No constraint files found.
---------------------------------------------------------------------------------
Start RTL Component Statistics 
---------------------------------------------------------------------------------
Detailed RTL Component Info : 
+---Registers : 
	              153 Bit    Registers := 4     
	               17 Bit    Registers := 24    
+---Muxes : 
	   6 Input    153 Bit        Muxes := 1     
	   5 Input    153 Bit        Muxes := 1     
	   2 Input      1 Bit        Muxes := 1     
	   5 Input      1 Bit        Muxes := 1     
---------------------------------------------------------------------------------
Finished RTL Component Statistics 
---------------------------------------------------------------------------------
---------------------------------------------------------------------------------
Start RTL Hierarchical Component Statistics 
---------------------------------------------------------------------------------
Hierarchical RTL Component report 
Module mmult 
Detailed RTL Component Info : 
+---Registers : 
	              153 Bit    Registers := 4     
	               17 Bit    Registers := 24    
+---Muxes : 
	   6 Input    153 Bit        Muxes := 1     
	   5 Input    153 Bit        Muxes := 1     
	   2 Input      1 Bit        Muxes := 1     
	   5 Input      1 Bit        Muxes := 1     
---------------------------------------------------------------------------------
Finished RTL Hierarchical Component Statistics
---------------------------------------------------------------------------------
---------------------------------------------------------------------------------
Start Part Resource Summary
---------------------------------------------------------------------------------
Part Resources:
DSPs: 90 (col length:60)
BRAMs: 100 (col length: RAMB18 60 RAMB36 30)
---------------------------------------------------------------------------------
Finished Part Resource Summary
---------------------------------------------------------------------------------
No constraint files found.
---------------------------------------------------------------------------------
Start Cross Boundary and Area Optimization
---------------------------------------------------------------------------------
INFO: [Synth 8-4471] merging register 'B_reg[0:152]' into 'B_reg[0:152]' [D:/xilinx/vivado/arty/2017/lab2/lab2.srcs/sources_1/new/mmult.v:56]
INFO: [Synth 8-4471] merging register 'B_reg[0:152]' into 'B_reg[0:152]' [D:/xilinx/vivado/arty/2017/lab2/lab2.srcs/sources_1/new/mmult.v:56]
INFO: [Synth 8-4471] merging register 'A_reg[0:152]' into 'A_reg[0:152]' [D:/xilinx/vivado/arty/2017/lab2/lab2.srcs/sources_1/new/mmult.v:53]
INFO: [Synth 8-4471] merging register 'A_reg[0:152]' into 'A_reg[0:152]' [D:/xilinx/vivado/arty/2017/lab2/lab2.srcs/sources_1/new/mmult.v:53]
WARNING: [Synth 8-6014] Unused sequential element B was removed.  [D:/xilinx/vivado/arty/2017/lab2/lab2.srcs/sources_1/new/mmult.v:72]
WARNING: [Synth 8-6014] Unused sequential element B_reg was removed.  [D:/xilinx/vivado/arty/2017/lab2/lab2.srcs/sources_1/new/mmult.v:56]
WARNING: [Synth 8-6014] Unused sequential element B was removed.  [D:/xilinx/vivado/arty/2017/lab2/lab2.srcs/sources_1/new/mmult.v:72]
WARNING: [Synth 8-6014] Unused sequential element B was removed.  [D:/xilinx/vivado/arty/2017/lab2/lab2.srcs/sources_1/new/mmult.v:73]
WARNING: [Synth 8-6014] Unused sequential element B was removed.  [D:/xilinx/vivado/arty/2017/lab2/lab2.srcs/sources_1/new/mmult.v:73]
WARNING: [Synth 8-6014] Unused sequential element B was removed.  [D:/xilinx/vivado/arty/2017/lab2/lab2.srcs/sources_1/new/mmult.v:67]
WARNING: [Synth 8-6014] Unused sequential element B was removed. 
WARNING: [Synth 8-6014] Unused sequential element B was removed.  [D:/xilinx/vivado/arty/2017/lab2/lab2.srcs/sources_1/new/mmult.v:67]
WARNING: [Synth 8-6014] Unused sequential element B was removed.  [D:/xilinx/vivado/arty/2017/lab2/lab2.srcs/sources_1/new/mmult.v:68]
WARNING: [Synth 8-6014] Unused sequential element B was removed. 
WARNING: [Synth 8-6014] Unused sequential element B was removed.  [D:/xilinx/vivado/arty/2017/lab2/lab2.srcs/sources_1/new/mmult.v:68]
WARNING: [Synth 8-6014] Unused sequential element B was removed.  [D:/xilinx/vivado/arty/2017/lab2/lab2.srcs/sources_1/new/mmult.v:62]
WARNING: [Synth 8-6014] Unused sequential element B was removed.  [D:/xilinx/vivado/arty/2017/lab2/lab2.srcs/sources_1/new/mmult.v:62]
WARNING: [Synth 8-6014] Unused sequential element B was removed.  [D:/xilinx/vivado/arty/2017/lab2/lab2.srcs/sources_1/new/mmult.v:62]
WARNING: [Synth 8-6014] Unused sequential element B was removed.  [D:/xilinx/vivado/arty/2017/lab2/lab2.srcs/sources_1/new/mmult.v:63]
WARNING: [Synth 8-6014] Unused sequential element B was removed.  [D:/xilinx/vivado/arty/2017/lab2/lab2.srcs/sources_1/new/mmult.v:53]
WARNING: [Synth 8-6014] Unused sequential element B was removed.  [D:/xilinx/vivado/arty/2017/lab2/lab2.srcs/sources_1/new/mmult.v:63]
WARNING: [Synth 8-6014] Unused sequential element B_reg was removed.  [D:/xilinx/vivado/arty/2017/lab2/lab2.srcs/sources_1/new/mmult.v:56]
WARNING: [Synth 8-6014] Unused sequential element A was removed.  [D:/xilinx/vivado/arty/2017/lab2/lab2.srcs/sources_1/new/mmult.v:66]
WARNING: [Synth 8-6014] Unused sequential element A was removed.  [D:/xilinx/vivado/arty/2017/lab2/lab2.srcs/sources_1/new/mmult.v:66]
WARNING: [Synth 8-6014] Unused sequential element A was removed.  [D:/xilinx/vivado/arty/2017/lab2/lab2.srcs/sources_1/new/mmult.v:66]
WARNING: [Synth 8-6014] Unused sequential element A was removed.  [D:/xilinx/vivado/arty/2017/lab2/lab2.srcs/sources_1/new/mmult.v:67]
WARNING: [Synth 8-6014] Unused sequential element A was removed.  [D:/xilinx/vivado/arty/2017/lab2/lab2.srcs/sources_1/new/mmult.v:67]
WARNING: [Synth 8-6014] Unused sequential element A was removed.  [D:/xilinx/vivado/arty/2017/lab2/lab2.srcs/sources_1/new/mmult.v:67]
WARNING: [Synth 8-6014] Unused sequential element A was removed.  [D:/xilinx/vivado/arty/2017/lab2/lab2.srcs/sources_1/new/mmult.v:68]
WARNING: [Synth 8-6014] Unused sequential element A_reg was removed.  [D:/xilinx/vivado/arty/2017/lab2/lab2.srcs/sources_1/new/mmult.v:53]
WARNING: [Synth 8-6014] Unused sequential element A was removed. 
WARNING: [Synth 8-6014] Unused sequential element A was removed.  [D:/xilinx/vivado/arty/2017/lab2/lab2.srcs/sources_1/new/mmult.v:61]
WARNING: [Synth 8-6014] Unused sequential element A was removed.  [D:/xilinx/vivado/arty/2017/lab2/lab2.srcs/sources_1/new/mmult.v:61]
WARNING: [Synth 8-6014] Unused sequential element A was removed.  [D:/xilinx/vivado/arty/2017/lab2/lab2.srcs/sources_1/new/mmult.v:61]
WARNING: [Synth 8-6014] Unused sequential element A was removed.  [D:/xilinx/vivado/arty/2017/lab2/lab2.srcs/sources_1/new/mmult.v:62]
WARNING: [Synth 8-6014] Unused sequential element A was removed.  [D:/xilinx/vivado/arty/2017/lab2/lab2.srcs/sources_1/new/mmult.v:62]
WARNING: [Synth 8-6014] Unused sequential element A was removed.  [D:/xilinx/vivado/arty/2017/lab2/lab2.srcs/sources_1/new/mmult.v:62]
WARNING: [Synth 8-6014] Unused sequential element A was removed.  [D:/xilinx/vivado/arty/2017/lab2/lab2.srcs/sources_1/new/mmult.v:63]
WARNING: [Synth 8-6014] Unused sequential element A_reg was removed.  [D:/xilinx/vivado/arty/2017/lab2/lab2.srcs/sources_1/new/mmult.v:53]
WARNING: [Synth 8-6014] Unused sequential element A was removed. 
WARNING: [Synth 8-3936] Found unconnected internal register 'A_reg' and it is trimmed from '153' to '17' bits. [D:/xilinx/vivado/arty/2017/lab2/lab2.srcs/sources_1/new/mmult.v:53]
WARNING: [Synth 8-3936] Found unconnected internal register 'B_reg' and it is trimmed from '153' to '17' bits. [D:/xilinx/vivado/arty/2017/lab2/lab2.srcs/sources_1/new/mmult.v:56]
WARNING: [Synth 8-6014] Unused sequential element counter_reg was removed.  [D:/xilinx/vivado/arty/2017/lab2/lab2.srcs/sources_1/new/mmult.v:39]
---------------------------------------------------------------------------------
Finished Cross Boundary and Area Optimization : Time (s): cpu = 00:00:25 ; elapsed = 00:00:25 . Memory (MB): peak = 666.270 ; gain = 404.531
---------------------------------------------------------------------------------

Report RTL Partitions: 
+-+--------------+------------+----------+
| |RTL Partition |Replication |Instances |
+-+--------------+------------+----------+
+-+--------------+------------+----------+
No constraint files found.
---------------------------------------------------------------------------------
Start Timing Optimization
---------------------------------------------------------------------------------
---------------------------------------------------------------------------------
Finished Timing Optimization : Time (s): cpu = 00:00:25 ; elapsed = 00:00:26 . Memory (MB): peak = 666.270 ; gain = 404.531
---------------------------------------------------------------------------------

Report RTL Partitions: 
+-+--------------+------------+----------+
| |RTL Partition |Replication |Instances |
+-+--------------+------------+----------+
+-+--------------+------------+----------+
---------------------------------------------------------------------------------
Start Technology Mapping
---------------------------------------------------------------------------------
---------------------------------------------------------------------------------
Finished Technology Mapping : Time (s): cpu = 00:00:25 ; elapsed = 00:00:26 . Memory (MB): peak = 666.270 ; gain = 404.531
---------------------------------------------------------------------------------

Report RTL Partitions: 
+-+--------------+------------+----------+
| |RTL Partition |Replication |Instances |
+-+--------------+------------+----------+
+-+--------------+------------+----------+
---------------------------------------------------------------------------------
Start IO Insertion
---------------------------------------------------------------------------------
---------------------------------------------------------------------------------
Start Flattening Before IO Insertion
---------------------------------------------------------------------------------
---------------------------------------------------------------------------------
Finished Flattening Before IO Insertion
---------------------------------------------------------------------------------
---------------------------------------------------------------------------------
Start Final Netlist Cleanup
---------------------------------------------------------------------------------
---------------------------------------------------------------------------------
Finished Final Netlist Cleanup
---------------------------------------------------------------------------------
---------------------------------------------------------------------------------
Finished IO Insertion : Time (s): cpu = 00:00:26 ; elapsed = 00:00:27 . Memory (MB): peak = 666.270 ; gain = 404.531
---------------------------------------------------------------------------------

Report Check Netlist: 
+------+------------------+-------+---------+-------+------------------+
|      |Item              |Errors |Warnings |Status |Description       |
+------+------------------+-------+---------+-------+------------------+
|1     |multi_driven_nets |      0|        0|Passed |Multi driven nets |
+------+------------------+-------+---------+-------+------------------+
---------------------------------------------------------------------------------
Start Renaming Generated Instances
---------------------------------------------------------------------------------
---------------------------------------------------------------------------------
Finished Renaming Generated Instances : Time (s): cpu = 00:00:26 ; elapsed = 00:00:27 . Memory (MB): peak = 666.270 ; gain = 404.531
---------------------------------------------------------------------------------

Report RTL Partitions: 
+-+--------------+------------+----------+
| |RTL Partition |Replication |Instances |
+-+--------------+------------+----------+
+-+--------------+------------+----------+
---------------------------------------------------------------------------------
Start Rebuilding User Hierarchy
---------------------------------------------------------------------------------
---------------------------------------------------------------------------------
Finished Rebuilding User Hierarchy : Time (s): cpu = 00:00:26 ; elapsed = 00:00:27 . Memory (MB): peak = 666.270 ; gain = 404.531
---------------------------------------------------------------------------------
---------------------------------------------------------------------------------
Start Renaming Generated Ports
---------------------------------------------------------------------------------
---------------------------------------------------------------------------------
Finished Renaming Generated Ports : Time (s): cpu = 00:00:26 ; elapsed = 00:00:27 . Memory (MB): peak = 666.270 ; gain = 404.531
---------------------------------------------------------------------------------
---------------------------------------------------------------------------------
Start Handling Custom Attributes
---------------------------------------------------------------------------------
---------------------------------------------------------------------------------
Finished Handling Custom Attributes : Time (s): cpu = 00:00:26 ; elapsed = 00:00:27 . Memory (MB): peak = 666.270 ; gain = 404.531
---------------------------------------------------------------------------------
---------------------------------------------------------------------------------
Start Renaming Generated Nets
---------------------------------------------------------------------------------
---------------------------------------------------------------------------------
Finished Renaming Generated Nets : Time (s): cpu = 00:00:26 ; elapsed = 00:00:27 . Memory (MB): peak = 666.270 ; gain = 404.531
---------------------------------------------------------------------------------
---------------------------------------------------------------------------------
Start Writing Synthesis Report
---------------------------------------------------------------------------------

Report BlackBoxes: 
+-+--------------+----------+
| |BlackBox name |Instances |
+-+--------------+----------+
+-+--------------+----------+

Report Cell Usage: 
+------+-------+------+
|      |Cell   |Count |
+------+-------+------+
|1     |BUFG   |     1|
|2     |CARRY4 |   364|
|3     |LUT1   |    31|
|4     |LUT2   |   951|
|5     |LUT3   |   143|
|6     |LUT4   |   448|
|7     |LUT5   |   247|
|8     |LUT6   |   969|
|9     |FDRE   |   313|
|10    |IBUF   |   147|
|11    |OBUF   |   154|
+------+-------+------+

Report Instance Areas: 
+------+---------+-------+------+
|      |Instance |Module |Cells |
+------+---------+-------+------+
|1     |top      |       |  3768|
+------+---------+-------+------+
---------------------------------------------------------------------------------
Finished Writing Synthesis Report : Time (s): cpu = 00:00:26 ; elapsed = 00:00:27 . Memory (MB): peak = 666.270 ; gain = 404.531
---------------------------------------------------------------------------------
Synthesis finished with 0 errors, 0 critical warnings and 90 warnings.
Synthesis Optimization Runtime : Time (s): cpu = 00:00:26 ; elapsed = 00:00:27 . Memory (MB): peak = 666.270 ; gain = 404.531
Synthesis Optimization Complete : Time (s): cpu = 00:00:26 ; elapsed = 00:00:27 . Memory (MB): peak = 666.270 ; gain = 404.531
INFO: [Project 1-571] Translating synthesized netlist
INFO: [Netlist 29-17] Analyzing 511 Unisim elements for replacement
INFO: [Netlist 29-28] Unisim Transformation completed in 0 CPU seconds
WARNING: [Netlist 29-101] Netlist 'mmult' is not ideal for floorplanning, since the cellview 'mmult' contains a large number of primitives.  Please consider enabling hierarchy in synthesis if you want to do floorplanning.
INFO: [Project 1-570] Preparing netlist for logic optimization
INFO: [Opt 31-138] Pushed 0 inverter(s) to 0 load pin(s).
INFO: [Project 1-111] Unisim Transformation Summary:
No Unisim elements were transformed.

17 Infos, 91 Warnings, 0 Critical Warnings and 0 Errors encountered.
synth_design completed successfully
synth_design: Time (s): cpu = 00:00:30 ; elapsed = 00:00:31 . Memory (MB): peak = 666.270 ; gain = 412.293
INFO: [Common 17-1381] The checkpoint 'D:/xilinx/vivado/arty/2017/lab2/lab2.runs/synth_1/mmult.dcp' has been generated.
report_utilization: Time (s): cpu = 00:00:00 ; elapsed = 00:00:00.027 . Memory (MB): peak = 666.270 ; gain = 0.000
INFO: [Common 17-206] Exiting Vivado at Tue Sep 19 16:43:00 2017...
